This is pdfTeX, Version 3.1415926-2.3-1.40.12 (MiKTeX 2.9) (preloaded format=latex 2016.9.24)  11 OCT 2016 22:40
entering extended mode
**The*Poincare-Friedrichs*inequality*on*polygon*and*its*applications.tex

("C:\Users\EinsteinLin\Desktop\Seminar\20161008-多角形上的Poincare-Friedri
chs不等式及其应用\The Poincare-Friedrichs inequality on polygon and its 
applications.tex"
LaTeX2e <2011/06/27>
Babel <v3.8m> and hyphenation patterns for loaded.
("E:\Einsteinlin\SJTU\PhD 1st\CTeX\MiKTeX\tex\latex\base\article.cls"
Document Class: article 2007/10/19 v1.4h Standard LaTeX document class
("E:\Einsteinlin\SJTU\PhD 1st\CTeX\MiKTeX\tex\latex\base\size12.clo"
File: size12.clo 2007/10/19 v1.4h Standard LaTeX file (size option)
)
\c@part=\count79
\c@section=\count80
\c@subsection=\count81
\c@subsubsection=\count82
\c@paragraph=\count83
\c@subparagraph=\count84
\c@figure=\count85
\c@table=\count86
\abovecaptionskip=\skip41
\belowcaptionskip=\skip42
\bibindent=\dimen102
)
("E:\Einsteinlin\SJTU\PhD 1st\CTeX\MiKTeX\tex\latex\amsfonts\amsfonts.sty"
Package: amsfonts 2009/06/22 v3.00 Basic AMSFonts support
\@emptytoks=\toks14
\symAMSa=\mathgroup4
\symAMSb=\mathgroup5
LaTeX Font Info:    Overwriting math alphabet `\mathfrak' in version `bold'
(Font)                  U/euf/m/n --> U/euf/b/n on input line 96.
)
("E:\Einsteinlin\SJTU\PhD 1st\CTeX\MiKTeX\tex\latex\ams\math\amsmath.sty"
Package: amsmath 2000/07/18 v2.13 AMS math features
\@mathmargin=\skip43

For additional information on amsmath, use the `?' option.
("E:\Einsteinlin\SJTU\PhD 1st\CTeX\MiKTeX\tex\latex\ams\math\amstext.sty"
Package: amstext 2000/06/29 v2.01

("E:\Einsteinlin\SJTU\PhD 1st\CTeX\MiKTeX\tex\latex\ams\math\amsgen.sty"
File: amsgen.sty 1999/11/30 v2.0
\@emptytoks=\toks15
\ex@=\dimen103
))
("E:\Einsteinlin\SJTU\PhD 1st\CTeX\MiKTeX\tex\latex\ams\math\amsbsy.sty"
Package: amsbsy 1999/11/29 v1.2d
\pmbraise@=\dimen104
)
("E:\Einsteinlin\SJTU\PhD 1st\CTeX\MiKTeX\tex\latex\ams\math\amsopn.sty"
Package: amsopn 1999/12/14 v2.01 operator names
)
\inf@bad=\count87
LaTeX Info: Redefining \frac on input line 211.
\uproot@=\count88
\leftroot@=\count89
LaTeX Info: Redefining \overline on input line 307.
\classnum@=\count90
\DOTSCASE@=\count91
LaTeX Info: Redefining \ldots on input line 379.
LaTeX Info: Redefining \dots on input line 382.
LaTeX Info: Redefining \cdots on input line 467.
\Mathstrutbox@=\box26
\strutbox@=\box27
\big@size=\dimen105
LaTeX Font Info:    Redeclaring font encoding OML on input line 567.
LaTeX Font Info:    Redeclaring font encoding OMS on input line 568.
\macc@depth=\count92
\c@MaxMatrixCols=\count93
\dotsspace@=\muskip10
\c@parentequation=\count94
\dspbrk@lvl=\count95
\tag@help=\toks16
\row@=\count96
\column@=\count97
\maxfields@=\count98
\andhelp@=\toks17
\eqnshift@=\dimen106
\alignsep@=\dimen107
\tagshift@=\dimen108
\tagwidth@=\dimen109
\totwidth@=\dimen110
\lineht@=\dimen111
\@envbody=\toks18
\multlinegap=\skip44
\multlinetaggap=\skip45
\mathdisplay@stack=\toks19
LaTeX Info: Redefining \[ on input line 2666.
LaTeX Info: Redefining \] on input line 2667.
)
("E:\Einsteinlin\SJTU\PhD 1st\CTeX\MiKTeX\tex\latex\tools\bm.sty"
Package: bm 2004/02/26 v1.1c Bold Symbol Support (DPC/FMi)
\symboldoperators=\mathgroup6
\symboldletters=\mathgroup7
\symboldsymbols=\mathgroup8
LaTeX Font Info:    Redeclaring math alphabet \mathbf on input line 138.
LaTeX Info: Redefining \bm on input line 204.
)
("E:\Einsteinlin\SJTU\PhD 1st\CTeX\MiKTeX\tex\latex\amsfonts\amssymb.sty"
Package: amssymb 2009/06/22 v3.00
)
("E:\Einsteinlin\SJTU\PhD 1st\CTeX\MiKTeX\tex\latex\graphics\graphicx.sty"
Package: graphicx 1999/02/16 v1.0f Enhanced LaTeX Graphics (DPC,SPQR)

("E:\Einsteinlin\SJTU\PhD 1st\CTeX\MiKTeX\tex\latex\graphics\keyval.sty"
Package: keyval 1999/03/16 v1.13 key=value parser (DPC)
\KV@toks@=\toks20
)
("E:\Einsteinlin\SJTU\PhD 1st\CTeX\MiKTeX\tex\latex\graphics\graphics.sty"
Package: graphics 2009/02/05 v1.0o Standard LaTeX Graphics (DPC,SPQR)

("E:\Einsteinlin\SJTU\PhD 1st\CTeX\MiKTeX\tex\latex\graphics\trig.sty"
Package: trig 1999/03/16 v1.09 sin cos tan (DPC)
)
("E:\Einsteinlin\SJTU\PhD 1st\CTeX\MiKTeX\tex\latex\00miktex\graphics.cfg"
File: graphics.cfg 2007/01/18 v1.5 graphics configuration of teTeX/TeXLive
)
Package graphics Info: Driver file: dvips.def on input line 91.

("E:\Einsteinlin\SJTU\PhD 1st\CTeX\MiKTeX\tex\latex\graphics\dvips.def"
File: dvips.def 1999/02/16 v3.0i Driver-dependant file (DPC,SPQR)
))
\Gin@req@height=\dimen112
\Gin@req@width=\dimen113
)
("E:\Einsteinlin\SJTU\PhD 1st\CTeX\MiKTeX\tex\latex\base\latexsym.sty"
Package: latexsym 1998/08/17 v2.2e Standard LaTeX package (lasy symbols)
\symlasy=\mathgroup9
LaTeX Font Info:    Overwriting symbol font `lasy' in version `bold'
(Font)                  U/lasy/m/n --> U/lasy/b/n on input line 47.
)
("E:\Einsteinlin\SJTU\PhD 1st\CTeX\MiKTeX\tex\latex\booktabs\booktabs.sty"
Package: booktabs 2005/04/14 v1.61803 publication quality tables
\heavyrulewidth=\dimen114
\lightrulewidth=\dimen115
\cmidrulewidth=\dimen116
\belowrulesep=\dimen117
\belowbottomsep=\dimen118
\aboverulesep=\dimen119
\abovetopsep=\dimen120
\cmidrulesep=\dimen121
\cmidrulekern=\dimen122
\defaultaddspace=\dimen123
\@cmidla=\count99
\@cmidlb=\count100
\@aboverulesep=\dimen124
\@belowrulesep=\dimen125
\@thisruleclass=\count101
\@lastruleclass=\count102
\@thisrulewidth=\dimen126
)
("E:\Einsteinlin\SJTU\PhD 1st\CTeX\MiKTeX\tex\latex\tools\tabularx.sty"
Package: tabularx 1999/01/07 v2.07 `tabularx' package (DPC)

("E:\Einsteinlin\SJTU\PhD 1st\CTeX\MiKTeX\tex\latex\tools\array.sty"
Package: array 2008/09/09 v2.4c Tabular extension package (FMi)
\col@sep=\dimen127
\extrarowheight=\dimen128
\NC@list=\toks21
\extratabsurround=\skip46
\backup@length=\skip47
)
\TX@col@width=\dimen129
\TX@old@table=\dimen130
\TX@old@col=\dimen131
\TX@target=\dimen132
\TX@delta=\dimen133
\TX@cols=\count103
\TX@ftn=\toks22
)
("E:\Einsteinlin\SJTU\PhD 1st\CTeX\MiKTeX\tex\latex\tools\indentfirst.sty"
Package: indentfirst 1995/11/23 v1.03 Indent first paragraph (DPC)
)
("E:\Einsteinlin\SJTU\PhD 1st\CTeX\MiKTeX\tex\latex\cite\cite.sty"
LaTeX Info: Redefining \cite on input line 302.
LaTeX Info: Redefining \nocite on input line 373.
Package: cite 2010/09/10  v 5.3
)
("E:\Einsteinlin\SJTU\PhD 1st\CTeX\MiKTeX\tex\latex\jknappen\mathrsfs.sty"
Package: mathrsfs 1996/01/01 Math RSFS package v1.0 (jk)
\symrsfs=\mathgroup10
)
("E:\Einsteinlin\SJTU\PhD 1st\CTeX\MiKTeX\tex\latex\caption\caption2.sty"
Package: caption2 2011/08/12 v2.2d Customising captions (AR)


Package caption2 Warning: ****************************************************
(caption2)                THIS PACKAGE IS OBSOLETE:
(caption2)                This package attempts to provide an `caption2'
(caption2)                package v2.0/2.1 author environment so that OLD
(caption2)                documents can be successfully processed. It should
(caption2)                NOT be used for NEW documents! New documents should
(caption2)                use the regular `caption' package v3.x instead.
(caption2)                ****************************************************

("E:\Einsteinlin\SJTU\PhD 1st\CTeX\MiKTeX\tex\latex\caption\caption3.sty"
Package: caption3 2011/11/01 v1.4a caption3 kernel (AR)
\captionmargin=\dimen134
\captionmargin@=\dimen135
\captionwidth=\dimen136
\caption@indent=\dimen137
\caption@parindent=\dimen138
\caption@hangindent=\dimen139
)
Package caption2 Info: Running in caption2 v2.0 compatibility mode on input lin
e 210.
\captionlinewidth=\dimen140
\realcaptionwidth=\dimen141
)
("E:\Einsteinlin\SJTU\PhD 1st\CTeX\MiKTeX\tex\latex\cjk\CJK.sty"
Package: CJK 2008/12/29 4.8.2

("E:\Einsteinlin\SJTU\PhD 1st\CTeX\MiKTeX\tex\latex\cjk\mule\MULEenc.sty"
Package: MULEenc 2008/12/29 4.8.2
)
("E:\Einsteinlin\SJTU\PhD 1st\CTeX\MiKTeX\tex\latex\cjk\CJK.enc"
File: CJK.enc 2008/12/29 4.8.2
)
LaTeX Info: Redefining \selectfont on input line 756.
\CJK@indent=\box28
)
("E:\Einsteinlin\SJTU\PhD 1st\CTeX\MiKTeX\tex\latex\stmaryrd\stmaryrd.sty"
Package: stmaryrd 1994/03/03 St Mary's Road symbol package
\symstmry=\mathgroup11
LaTeX Font Info:    Overwriting symbol font `stmry' in version `bold'
(Font)                  U/stmry/m/n --> U/stmry/b/n on input line 89.
)
("E:\Einsteinlin\SJTU\PhD 1st\CTeX\MiKTeX\tex\latex\subfigure\subfigure.sty"
Package: subfigure 2002/07/30 v2.1.4 subfigure package
\subfigtopskip=\skip48
\subfigcapskip=\skip49
\subfigcaptopadj=\dimen142
\subfigbottomskip=\skip50
\subfigcapmargin=\dimen143
\subfiglabelskip=\skip51
\c@subfigure=\count104
\c@lofdepth=\count105
\c@subtable=\count106
\c@lotdepth=\count107

****************************************
* Local config file subfigure.cfg used *
****************************************
("E:\Einsteinlin\SJTU\PhD 1st\CTeX\MiKTeX\tex\latex\subfigure\subfigure.cfg")
\subfig@top=\skip52
\subfig@bottom=\skip53
)
("E:\Einsteinlin\SJTU\PhD 1st\CTeX\MiKTeX\tex\latex\overpic\overpic.sty"
Package: overpic 2010/09/13 v0.53  Overwriting graphics

Package: overpic v0.53 <2010/09/13> (RN)
("E:\Einsteinlin\SJTU\PhD 1st\CTeX\MiKTeX\tex\latex\eepic\epic.sty"
Enhancements to Picture Environment. Version 1.2 - Released June 1, 1986
\@@multicnt=\count108
\d@lta=\count109
\@delta=\dimen144
\@@delta=\dimen145
\@gridcnt=\count110
\@joinkind=\count111
\@dotgap=\dimen146
\@ddotgap=\dimen147
\@x@diff=\count112
\@y@diff=\count113
\x@diff=\dimen148
\y@diff=\dimen149
\@dotbox=\box29
\num@segments=\count114
\num@segmentsi=\count115
\@datafile=\read1
)
overpic: relative positioning in percent
) ("E:\Einsteinlin\SJTU\PhD 1st\CTeX\MiKTeX\tex\latex\tools\enumerate.sty"
Package: enumerate 1999/03/05 v3.00 enumerate extensions (DPC)
\@enLab=\toks23
)
("E:\Einsteinlin\SJTU\PhD 1st\CTeX\MiKTeX\tex\latex\cases\cases.sty"
Package: cases 2002/05/02 ver 2.5 
)
("E:\Einsteinlin\SJTU\PhD 1st\CTeX\MiKTeX\tex\latex\algorithms\algorithm.sty"
Package: algorithm 2009/08/24 v0.1 Document Style `algorithm' - floating enviro
nment

("E:\Einsteinlin\SJTU\PhD 1st\CTeX\MiKTeX\tex\latex\float\float.sty"
Package: float 2001/11/08 v1.3d Float enhancements (AL)
\c@float@type=\count116
\float@exts=\toks24
\float@box=\box30
\@float@everytoks=\toks25
\@floatcapt=\box31
)
("E:\Einsteinlin\SJTU\PhD 1st\CTeX\MiKTeX\tex\latex\base\ifthen.sty"
Package: ifthen 2001/05/26 v1.1c Standard LaTeX ifthen package (DPC)
)
\@float@every@algorithm=\toks26
\c@algorithm=\count117
)
("E:\Einsteinlin\SJTU\PhD 1st\CTeX\MiKTeX\tex\latex\algorithms\algorithmic.sty"
Package: algorithmic 2009/08/24 v0.1 Document Style `algorithmic'
\c@ALC@unique=\count118
\c@ALC@line=\count119
\c@ALC@rem=\count120
\c@ALC@depth=\count121
\ALC@tlm=\skip54
\algorithmicindent=\skip55
) ("E:\Einsteinlin\SJTU\PhD 1st\CTeX\MiKTeX\tex\latex\ctex\ctex.sty"
Package: ctex 2011/03/11 v1.02c ctex macros package

("E:\Einsteinlin\SJTU\PhD 1st\CTeX\MiKTeX\tex\latex\ctex\opt\ctex-common-opts.d
ef") ("E:\Einsteinlin\SJTU\PhD 1st\CTeX\CTeX\tex\latex\ctex\cfg\ctexopts.cfg")
("E:\Einsteinlin\SJTU\PhD 1st\CTeX\MiKTeX\tex\latex\ctex\def\ctex-common.def"
("E:\Einsteinlin\SJTU\PhD 1st\CTeX\MiKTeX\tex\latex\l3kernel\expl3.sty"
("E:\Einsteinlin\SJTU\PhD 1st\CTeX\MiKTeX\tex\latex\l3kernel\l3names.sty"
("E:\Einsteinlin\SJTU\PhD 1st\CTeX\MiKTeX\tex\latex\l3kernel\l3bootstrap.sty"
Package: l3bootstrap 2011/12/29 v3110 L3 Experimental bootstrap code
)
Package: l3names 2011/12/30 v3113 L3 Experimental namespace for primitives
) ("E:\Einsteinlin\SJTU\PhD 1st\CTeX\MiKTeX\tex\latex\misc\etex.sty"
Package: etex 1998/03/26 v2.0 eTeX basic definition package (PEB)
\et@xins=\count122
)
Package: expl3 2012/02/26 v3471 L3 Experimental code bundle wrapper

("E:\Einsteinlin\SJTU\PhD 1st\CTeX\MiKTeX\tex\latex\graphics\color.sty"
Package: color 2005/11/14 v1.0j Standard LaTeX Color (DPC)

("E:\Einsteinlin\SJTU\PhD 1st\CTeX\MiKTeX\tex\latex\00miktex\color.cfg"
File: color.cfg 2007/01/18 v1.5 color configuration of teTeX/TeXLive
)
Package color Info: Driver file: dvips.def on input line 130.

("E:\Einsteinlin\SJTU\PhD 1st\CTeX\MiKTeX\tex\latex\graphics\dvipsnam.def"
File: dvipsnam.def 1999/02/16 v3.0i Driver-dependant file (DPC,SPQR)
))
("E:\Einsteinlin\SJTU\PhD 1st\CTeX\MiKTeX\tex\latex\l3kernel\l3basics.sty"
Package: l3basics 2012/02/26 v3460 L3 Experimental basic definitions
)
("E:\Einsteinlin\SJTU\PhD 1st\CTeX\MiKTeX\tex\latex\l3kernel\l3expan.sty"
Package: l3expan 2012/02/26 v3460 L3 Experimental argument expansion
)
("E:\Einsteinlin\SJTU\PhD 1st\CTeX\MiKTeX\tex\latex\l3kernel\l3tl.sty"
Package: l3tl 2012/02/26 v3460 L3 Experimental token lists
)
("E:\Einsteinlin\SJTU\PhD 1st\CTeX\MiKTeX\tex\latex\l3kernel\l3seq.sty"
Package: l3seq 2012/01/09 v3158 L3 Experimental sequences and stacks
)
("E:\Einsteinlin\SJTU\PhD 1st\CTeX\MiKTeX\tex\latex\l3kernel\l3int.sty"
Package: l3int 2012/02/26 v3460 L3 Experimental integers
\c_max_int=\count123
\l_tmpa_int=\count124
\l_tmpb_int=\count125
\l_tmpc_int=\count126
\g_tmpa_int=\count127
\g_tmpb_int=\count128
)
("E:\Einsteinlin\SJTU\PhD 1st\CTeX\MiKTeX\tex\latex\l3kernel\l3quark.sty"
Package: l3quark 2012/02/12 v3384 L3 Experimental quarks
)
("E:\Einsteinlin\SJTU\PhD 1st\CTeX\MiKTeX\tex\latex\l3kernel\l3prg.sty"
Package: l3prg 2012/02/26 v3464 L3 Experimental control structures
\g_prg_map_int=\count129
)
("E:\Einsteinlin\SJTU\PhD 1st\CTeX\MiKTeX\tex\latex\l3kernel\l3clist.sty"
Package: l3clist 2012/02/26 v3460 L3 Experimental comma separated lists
)
("E:\Einsteinlin\SJTU\PhD 1st\CTeX\MiKTeX\tex\latex\l3kernel\l3token.sty"
Package: l3token 2012/02/26 v3460 L3 Experimental token manipulation
)
("E:\Einsteinlin\SJTU\PhD 1st\CTeX\MiKTeX\tex\latex\l3kernel\l3prop.sty"
Package: l3prop 2012/02/26 v3460 L3 Experimental property lists
)
("E:\Einsteinlin\SJTU\PhD 1st\CTeX\MiKTeX\tex\latex\l3kernel\l3msg.sty"
Package: l3msg 2012/02/26 v3470 L3 Experimental messages
)
("E:\Einsteinlin\SJTU\PhD 1st\CTeX\MiKTeX\tex\latex\l3kernel\l3file.sty"
Package: l3file 2012/02/26 v3464 L3 Experimental file and I/O operations
\l_iow_stream_int=\count130
\l_iow_line_length_int=\count131
\l_iow_target_length_int=\count132
\l_iow_current_line_int=\count133
\l_iow_current_word_int=\count134
\l_iow_current_indentation_int=\count135
)
("E:\Einsteinlin\SJTU\PhD 1st\CTeX\MiKTeX\tex\latex\l3kernel\l3skip.sty"
Package: l3skip 2012/02/26 v3460 L3 Experimental dimensions and skips
\l_tmpa_dim=\dimen150
\l_tmpb_dim=\dimen151
\l_tmpc_dim=\dimen152
\g_tmpa_dim=\dimen153
\g_tmpb_dim=\dimen154
\l_tmpa_skip=\skip56
\l_tmpb_skip=\skip57
\l_tmpc_skip=\skip58
\g_tmpa_skip=\skip59
\g_tmpb_skip=\skip60
)
("E:\Einsteinlin\SJTU\PhD 1st\CTeX\MiKTeX\tex\latex\l3kernel\l3keys.sty"
Package: l3keys 2011/12/22 v3086 L3 Experimental key-value interfaces
\g_keyval_level_int=\count136
\l_keys_choice_int=\count137
)
("E:\Einsteinlin\SJTU\PhD 1st\CTeX\MiKTeX\tex\latex\l3kernel\l3fp.sty"
Package: l3fp 2012/02/06 v3315 L3 Experimental floating-point operations
\c_one_million=\count138
\c_one_hundred_million=\count139
\c_five_hundred_million=\count140
\c_one_thousand_million=\count141
\c_fp_pi_by_four_decimal_int=\count142
\c_fp_pi_by_four_extended_int=\count143
\c_fp_pi_decimal_int=\count144
\c_fp_pi_extended_int=\count145
\c_fp_two_pi_decimal_int=\count146
\c_fp_two_pi_extended_int=\count147
\l_fp_count_int=\count148
\l_fp_div_offset_int=\count149
\l_fp_exp_integer_int=\count150
\l_fp_exp_decimal_int=\count151
\l_fp_exp_extended_int=\count152
\l_fp_exp_exponent_int=\count153
\l_fp_input_a_sign_int=\count154
\l_fp_input_a_integer_int=\count155
\l_fp_input_a_decimal_int=\count156
\l_fp_input_a_exponent_int=\count157
\l_fp_input_b_sign_int=\count158
\l_fp_input_b_integer_int=\count159
\l_fp_input_b_decimal_int=\count160
\l_fp_input_b_exponent_int=\count161
\l_fp_input_a_extended_int=\count162
\l_fp_input_b_extended_int=\count163
\l_fp_mul_a_i_int=\count164
\l_fp_mul_a_ii_int=\count165
\l_fp_mul_a_iii_int=\count166
\l_fp_mul_a_iv_int=\count167
\l_fp_mul_a_v_int=\count168
\l_fp_mul_a_vi_int=\count169
\l_fp_mul_b_i_int=\count170
\l_fp_mul_b_ii_int=\count171
\l_fp_mul_b_iii_int=\count172
\l_fp_mul_b_iv_int=\count173
\l_fp_mul_b_v_int=\count174
\l_fp_mul_b_vi_int=\count175
\l_fp_mul_output_int=\count176
\l_fp_output_sign_int=\count177
\l_fp_output_integer_int=\count178
\l_fp_output_decimal_int=\count179
\l_fp_output_exponent_int=\count180
\l_fp_output_extended_int=\count181
\l_fp_round_position_int=\count182
\l_fp_round_target_int=\count183
\l_fp_split_sign_int=\count184
\l_fp_internal_int=\count185
\l_fp_trig_octant_int=\count186
\l_fp_trig_sign_int=\count187
\l_fp_trig_decimal_int=\count188
\l_fp_trig_extended_int=\count189
\l_fp_internal_dim=\dimen155
\l_fp_internal_skip=\skip61
)
("E:\Einsteinlin\SJTU\PhD 1st\CTeX\MiKTeX\tex\latex\l3kernel\l3box.sty"
Package: l3box 2012/02/18 v3432 L3 Experimental boxes
\l_tmpb_box=\box32
\l_box_top_dim=\dimen156
\l_box_bottom_dim=\dimen157
\l_box_left_dim=\dimen158
\l_box_right_dim=\dimen159
\l_box_top_new_dim=\dimen160
\l_box_bottom_new_dim=\dimen161
\l_box_left_new_dim=\dimen162
\l_box_right_new_dim=\dimen163
\l_box_internal_box=\box33
)
("E:\Einsteinlin\SJTU\PhD 1st\CTeX\MiKTeX\tex\latex\l3kernel\l3coffins.sty"
Package: l3coffins 2012/02/26 v3460 L3 Experimental coffin code layer
\l_coffin_internal_box=\box34
\l_coffin_internal_dim=\dimen164
\l_coffin_offset_x_dim=\dimen165
\l_coffin_offset_y_dim=\dimen166
\l_coffin_x_dim=\dimen167
\l_coffin_y_dim=\dimen168
\l_coffin_x_prime_dim=\dimen169
\l_coffin_y_prime_dim=\dimen170
\l_coffin_Depth_dim=\dimen171
\l_coffin_Height_dim=\dimen172
\l_coffin_TotalHeight_dim=\dimen173
\l_coffin_Width_dim=\dimen174
\c_empty_coffin=\box35
\l_coffin_aligned_coffin=\box36
\l_coffin_aligned_internal_coffin=\box37
\l_coffin_bounding_shift_dim=\dimen175
\l_coffin_left_corner_dim=\dimen176
\l_coffin_right_corner_dim=\dimen177
\l_coffin_bottom_corner_dim=\dimen178
\l_coffin_top_corner_dim=\dimen179
\l_coffin_scaled_total_height_dim=\dimen180
\l_coffin_scaled_width_dim=\dimen181
\l_coffin_display_coffin=\box38
\l_coffin_display_coord_coffin=\box39
\l_coffin_display_pole_coffin=\box40
\l_coffin_display_offset_dim=\dimen182
\l_coffin_display_x_dim=\dimen183
\l_coffin_display_y_dim=\dimen184
)
("E:\Einsteinlin\SJTU\PhD 1st\CTeX\MiKTeX\tex\latex\l3kernel\l3color.sty"
Package: l3color 2011/09/07 v2776 L3 Experimental colour support
)
("E:\Einsteinlin\SJTU\PhD 1st\CTeX\MiKTeX\tex\latex\l3kernel\l3luatex.sty"
Package: l3luatex 2012/02/09 v3355 L3 Experimental LuaTeX-specific functions
\g_cctab_allocate_int=\count190
\g_cctab_stack_int=\count191
))
("E:\Einsteinlin\SJTU\PhD 1st\CTeX\MiKTeX\tex\latex\etoolbox\etoolbox.sty"
Package: etoolbox 2011/01/03 v2.1 e-TeX tools for LaTeX
\etb@tempcnta=\count192
)
("E:\Einsteinlin\SJTU\PhD 1st\CTeX\MiKTeX\tex\generic\oberdiek\ifpdf.sty"
Package: ifpdf 2011/01/30 v2.3 Provides the ifpdf switch (HO)
Package ifpdf Info: pdfTeX in PDF mode is not detected.
)
("E:\Einsteinlin\SJTU\PhD 1st\CTeX\MiKTeX\tex\generic\ifxetex\ifxetex.sty"
Package: ifxetex 2010/09/12 v0.6 Provides ifxetex conditional
)
("E:\Einsteinlin\SJTU\PhD 1st\CTeX\MiKTeX\tex\latex\base\fix-cm.sty"
Package: fix-cm 2006/09/13 v1.1m fixes to LaTeX

("E:\Einsteinlin\SJTU\PhD 1st\CTeX\MiKTeX\tex\latex\base\ts1enc.def"
File: ts1enc.def 2001/06/05 v3.0e (jk/car/fm) Standard LaTeX file
))
("E:\Einsteinlin\SJTU\PhD 1st\CTeX\MiKTeX\tex\latex\ctex\engine\ctex-cjk-engine
.def" ("E:\Einsteinlin\SJTU\PhD 1st\CTeX\CTeX\tex\latex\CJKpunct\CJKpunct.sty"
Package: CJKpunct 2010/02/21 4.8.2-2
\CJKpunct@cnta=\count193
\CJKpunct@cntb=\count194
\CJKpunct@cntc=\count195
\CJKpunct@cntd=\count196
\CJKpunct@cnte=\count197

("E:\Einsteinlin\SJTU\PhD 1st\CTeX\CTeX\tex\latex\CJKpunct\CJKpunct.spa"))
("E:\Einsteinlin\SJTU\PhD 1st\CTeX\MiKTeX\tex\latex\ctex\engine\ctex-cjk-common
.def"
\ccwd=\dimen185
)
("E:\Einsteinlin\SJTU\PhD 1st\CTeX\MiKTeX\tex\latex\ctex\fontset\ctex-cjk-winfo
nts.def"
("E:\Einsteinlin\SJTU\PhD 1st\CTeX\MiKTeX\tex\generic\zhmetrics\zhwinfonts.tex"
("E:\Einsteinlin\SJTU\PhD 1st\CTeX\MiKTeX\tex\generic\oberdiek\ifpdf.sty"
Package ifpdf Info: The package is already loaded, stopped on input line 64.
))))
\CTEX@q=\count198
\CTEX@r=\count199
)) ("E:\Einsteinlin\SJTU\PhD 1st\CTeX\MiKTeX\tex\latex\ctex\def\ctex-gbk.def")
("E:\Einsteinlin\SJTU\PhD 1st\CTeX\MiKTeX\tex\latex\ctex\cfg\ctex.cfg")
("E:\Einsteinlin\SJTU\PhD 1st\CTeX\MiKTeX\tex\latex\xcolor\xcolor.sty"
Package: xcolor 2007/01/21 v2.11 LaTeX color extensions (UK)

("E:\Einsteinlin\SJTU\PhD 1st\CTeX\MiKTeX\tex\latex\00miktex\color.cfg"
File: color.cfg 2007/01/18 v1.5 color configuration of teTeX/TeXLive
)
Package xcolor Info: Driver file: dvips.def on input line 225.
LaTeX Info: Redefining \color on input line 702.
Package xcolor Info: Model `cmy' substituted by `cmy0' on input line 1337.
Package xcolor Info: Model `RGB' extended on input line 1353.
Package xcolor Info: Model `HTML' substituted by `rgb' on input line 1355.
Package xcolor Info: Model `Hsb' substituted by `hsb' on input line 1356.
Package xcolor Info: Model `tHsb' substituted by `hsb' on input line 1357.
Package xcolor Info: Model `HSB' substituted by `hsb' on input line 1358.
Package xcolor Info: Model `Gray' substituted by `gray' on input line 1359.
Package xcolor Info: Model `wave' substituted by `hsb' on input line 1360.
)
("E:\Einsteinlin\SJTU\PhD 1st\CTeX\MiKTeX\tex\latex\ltxmisc\url.sty"
\Urlmuskip=\muskip11
Package: url 2006/04/12  ver 3.3  Verb mode for urls, etc.
)
("E:\Einsteinlin\SJTU\PhD 1st\CTeX\MiKTeX\tex\latex\slashbox\slashbox.sty"
slashbox style by K.Yasuoka, May 1993.
\@slashboxa=\box41
\@slashboxb=\box42
\@slashboxc=\box43
\@slashboxwd=\count200
\@slashboxht=\count201
\@slashsepl=\dimen186
\@slashsepr=\dimen187
) ("E:\Einsteinlin\SJTU\PhD 1st\CTeX\MiKTeX\tex\latex\srcltx\srcltx.sty"
Package: srcltx 2006/11/12 v1.6 Source specials for inverse search in DVI files

Normal \count register pool exhausted, switching to extended pool.
\src@lastline=\count277
\src@new@everypar=\toks27
\src@new@output=\toks28
)
("E:\Einsteinlin\SJTU\PhD 1st\CTeX\MiKTeX\tex\latex\tools\verbatim.sty"
Package: verbatim 2003/08/22 v1.5q LaTeX2e package for verbatim enhancements
\every@verbatim=\toks29
\verbatim@line=\toks30
\verbatim@in@stream=\read2
)
("E:\Einsteinlin\SJTU\PhD 1st\CTeX\MiKTeX\tex\latex\psnfss\times.sty"
Package: times 2005/04/12 PSNFSS-v9.2a (SPQR) 
)
("E:\Einsteinlin\SJTU\PhD 1st\CTeX\MiKTeX\tex\latex\pgf\frontendlayer\tikz.sty"
("E:\Einsteinlin\SJTU\PhD 1st\CTeX\MiKTeX\tex\latex\pgf\basiclayer\pgf.sty"
("E:\Einsteinlin\SJTU\PhD 1st\CTeX\MiKTeX\tex\latex\pgf\utilities\pgfrcs.sty"
("E:\Einsteinlin\SJTU\PhD 1st\CTeX\MiKTeX\tex\generic\pgf\utilities\pgfutil-com
mon.tex"
\pgfutil@everybye=\toks31
)
("E:\Einsteinlin\SJTU\PhD 1st\CTeX\MiKTeX\tex\generic\pgf\utilities\pgfutil-lat
ex.def"
\pgfutil@abb=\box44
 ("E:\Einsteinlin\SJTU\PhD 1st\CTeX\MiKTeX\tex\latex\ms\everyshi.sty"
Package: everyshi 2001/05/15 v3.00 EveryShipout Package (MS)
))
Package srcltx Info: Expanded filename `pgfrcs.code.tex' to `pgfrcs.code.tex' o
n input line 13.

:<+ pgfrcs.code.tex

("E:\Einsteinlin\SJTU\PhD 1st\CTeX\MiKTeX\tex\generic\pgf\utilities\pgfrcs.code
.tex"
Package: pgfrcs 2010/10/25 v2.10 (rcs-revision 1.24)
)
:<-
)
Package: pgf 2008/01/15 v2.10 (rcs-revision 1.12)
 ("E:\Einsteinlin\SJTU\PhD 1st\CTeX\MiKTeX\tex\latex\pgf\basiclayer\pgfcore.sty
"
("E:\Einsteinlin\SJTU\PhD 1st\CTeX\MiKTeX\tex\latex\pgf\systemlayer\pgfsys.sty"
Package srcltx Info: Expanded filename `pgfsys.code.tex' to `pgfsys.code.tex' o
n input line 12.
:<+ pgfsys.code.tex

("E:\Einsteinlin\SJTU\PhD 1st\CTeX\MiKTeX\tex\generic\pgf\systemlayer\pgfsys.co
de.tex"
Package: pgfsys 2010/06/30 v2.10 (rcs-revision 1.37)

("E:\Einsteinlin\SJTU\PhD 1st\CTeX\MiKTeX\tex\generic\pgf\utilities\pgfkeys.cod
e.tex"
\pgfkeys@pathtoks=\toks32
\pgfkeys@temptoks=\toks33

("E:\Einsteinlin\SJTU\PhD 1st\CTeX\MiKTeX\tex\generic\pgf\utilities\pgfkeysfilt
ered.code.tex"
\pgfkeys@tmptoks=\toks34
))
\pgf@x=\dimen188
\pgf@y=\dimen189
\pgf@xa=\dimen190
\pgf@ya=\dimen191
\pgf@xb=\dimen192
\pgf@yb=\dimen193
\pgf@xc=\dimen194
\pgf@yc=\dimen195
\w@pgf@writea=\write3
\r@pgf@reada=\read3
\c@pgf@counta=\count278
\c@pgf@countb=\count279
\c@pgf@countc=\count280
\c@pgf@countd=\count281

("E:\Einsteinlin\SJTU\PhD 1st\CTeX\MiKTeX\tex\generic\pgf\systemlayer\pgf.cfg"
File: pgf.cfg 2008/05/14  (rcs-revision 1.7)
)
Package pgfsys Info: Driver file for pgf: pgfsys-dvips.def on input line 900.

("E:\Einsteinlin\SJTU\PhD 1st\CTeX\MiKTeX\tex\generic\pgf\systemlayer\pgfsys-dv
ips.def"
File: pgfsys-dvips.def 2008/04/03  (rcs-revision 1.20)

("E:\Einsteinlin\SJTU\PhD 1st\CTeX\MiKTeX\tex\generic\pgf\systemlayer\pgfsys-co
mmon-postscript.def"
File: pgfsys-common-postscript.def 2008/10/01  (rcs-revision 1.22)
\pgf@objectcount=\count282
)))
:<-
Package srcltx Info: Expanded filename `pgfsyssoftpath.code.tex' to `pgfsyssoft
path.code.tex' on input line 13.
:<+ pgfsyssoftpath.code.tex

("E:\Einsteinlin\SJTU\PhD 1st\CTeX\MiKTeX\tex\generic\pgf\systemlayer\pgfsyssof
tpath.code.tex"
File: pgfsyssoftpath.code.tex 2008/07/18  (rcs-revision 1.7)
\pgfsyssoftpath@smallbuffer@items=\count283
\pgfsyssoftpath@bigbuffer@items=\count284
)
:<-
Package srcltx Info: Expanded filename `pgfsysprotocol.code.tex' to `pgfsysprot
ocol.code.tex' on input line 14.
:<+ pgfsysprotocol.code.tex

("E:\Einsteinlin\SJTU\PhD 1st\CTeX\MiKTeX\tex\generic\pgf\systemlayer\pgfsyspro
tocol.code.tex"
File: pgfsysprotocol.code.tex 2006/10/16  (rcs-revision 1.4)
)
:<-
)
Package srcltx Info: Expanded filename `pgfcore.code.tex' to `pgfcore.code.tex'
 on input line 17.

:<+ pgfcore.code.tex

("E:\Einsteinlin\SJTU\PhD 1st\CTeX\MiKTeX\tex\generic\pgf\basiclayer\pgfcore.co
de.tex"
Package: pgfcore 2010/04/11 v2.10 (rcs-revision 1.7)

("E:\Einsteinlin\SJTU\PhD 1st\CTeX\MiKTeX\tex\generic\pgf\math\pgfmath.code.tex
"
("E:\Einsteinlin\SJTU\PhD 1st\CTeX\MiKTeX\tex\generic\pgf\math\pgfmathcalc.code
.tex"
("E:\Einsteinlin\SJTU\PhD 1st\CTeX\MiKTeX\tex\generic\pgf\math\pgfmathutil.code
.tex")
("E:\Einsteinlin\SJTU\PhD 1st\CTeX\MiKTeX\tex\generic\pgf\math\pgfmathparser.co
de.tex"
\pgfmath@dimen=\dimen196
\pgfmath@count=\count285
\pgfmath@box=\box45
\pgfmath@toks=\toks35
\pgfmath@stack@operand=\toks36
\pgfmath@stack@operation=\toks37
)
("E:\Einsteinlin\SJTU\PhD 1st\CTeX\MiKTeX\tex\generic\pgf\math\pgfmathfunctions
.code.tex"
("E:\Einsteinlin\SJTU\PhD 1st\CTeX\MiKTeX\tex\generic\pgf\math\pgfmathfunctions
.basic.code.tex")
("E:\Einsteinlin\SJTU\PhD 1st\CTeX\MiKTeX\tex\generic\pgf\math\pgfmathfunctions
.trigonometric.code.tex")
("E:\Einsteinlin\SJTU\PhD 1st\CTeX\MiKTeX\tex\generic\pgf\math\pgfmathfunctions
.random.code.tex")
("E:\Einsteinlin\SJTU\PhD 1st\CTeX\MiKTeX\tex\generic\pgf\math\pgfmathfunctions
.comparison.code.tex")
("E:\Einsteinlin\SJTU\PhD 1st\CTeX\MiKTeX\tex\generic\pgf\math\pgfmathfunctions
.base.code.tex")
("E:\Einsteinlin\SJTU\PhD 1st\CTeX\MiKTeX\tex\generic\pgf\math\pgfmathfunctions
.round.code.tex")
("E:\Einsteinlin\SJTU\PhD 1st\CTeX\MiKTeX\tex\generic\pgf\math\pgfmathfunctions
.misc.code.tex")))
("E:\Einsteinlin\SJTU\PhD 1st\CTeX\MiKTeX\tex\generic\pgf\math\pgfmathfloat.cod
e.tex"
\c@pgfmathroundto@lastzeros=\count286
))
("E:\Einsteinlin\SJTU\PhD 1st\CTeX\MiKTeX\tex\generic\pgf\basiclayer\pgfcorepoi
nts.code.tex"
File: pgfcorepoints.code.tex 2010/04/09  (rcs-revision 1.20)
\pgf@picminx=\dimen197
\pgf@picmaxx=\dimen198
\pgf@picminy=\dimen199
\pgf@picmaxy=\dimen200
\pgf@pathminx=\dimen201
Normal \dimen register pool exhausted, switching to extended pool.
\pgf@pathmaxx=\dimen256
\pgf@pathminy=\dimen257
\pgf@pathmaxy=\dimen258
\pgf@xx=\dimen259
\pgf@xy=\dimen260
\pgf@yx=\dimen261
\pgf@yy=\dimen262
\pgf@zx=\dimen263
\pgf@zy=\dimen264
)
("E:\Einsteinlin\SJTU\PhD 1st\CTeX\MiKTeX\tex\generic\pgf\basiclayer\pgfcorepat
hconstruct.code.tex"
File: pgfcorepathconstruct.code.tex 2010/08/03  (rcs-revision 1.24)
\pgf@path@lastx=\dimen265
\pgf@path@lasty=\dimen266
)
("E:\Einsteinlin\SJTU\PhD 1st\CTeX\MiKTeX\tex\generic\pgf\basiclayer\pgfcorepat
husage.code.tex"
File: pgfcorepathusage.code.tex 2008/04/22  (rcs-revision 1.12)
\pgf@shorten@end@additional=\dimen267
\pgf@shorten@start@additional=\dimen268
)
("E:\Einsteinlin\SJTU\PhD 1st\CTeX\MiKTeX\tex\generic\pgf\basiclayer\pgfcoresco
pes.code.tex"
File: pgfcorescopes.code.tex 2010/09/08  (rcs-revision 1.34)
\pgfpic=\box46
\pgf@hbox=\box47
\pgf@layerbox@main=\box48
\pgf@picture@serial@count=\count287
)
("E:\Einsteinlin\SJTU\PhD 1st\CTeX\MiKTeX\tex\generic\pgf\basiclayer\pgfcoregra
phicstate.code.tex"
File: pgfcoregraphicstate.code.tex 2008/04/22  (rcs-revision 1.9)
\pgflinewidth=\dimen269
)
("E:\Einsteinlin\SJTU\PhD 1st\CTeX\MiKTeX\tex\generic\pgf\basiclayer\pgfcoretra
nsformations.code.tex"
File: pgfcoretransformations.code.tex 2009/06/10  (rcs-revision 1.11)
\pgf@pt@x=\dimen270
\pgf@pt@y=\dimen271
\pgf@pt@temp=\dimen272
)
("E:\Einsteinlin\SJTU\PhD 1st\CTeX\MiKTeX\tex\generic\pgf\basiclayer\pgfcorequi
ck.code.tex"
File: pgfcorequick.code.tex 2008/10/09  (rcs-revision 1.3)
)
("E:\Einsteinlin\SJTU\PhD 1st\CTeX\MiKTeX\tex\generic\pgf\basiclayer\pgfcoreobj
ects.code.tex"
File: pgfcoreobjects.code.tex 2006/10/11  (rcs-revision 1.2)
)
("E:\Einsteinlin\SJTU\PhD 1st\CTeX\MiKTeX\tex\generic\pgf\basiclayer\pgfcorepat
hprocessing.code.tex"
File: pgfcorepathprocessing.code.tex 2008/10/09  (rcs-revision 1.8)
)
("E:\Einsteinlin\SJTU\PhD 1st\CTeX\MiKTeX\tex\generic\pgf\basiclayer\pgfcorearr
ows.code.tex"
File: pgfcorearrows.code.tex 2008/04/23  (rcs-revision 1.11)
)
("E:\Einsteinlin\SJTU\PhD 1st\CTeX\MiKTeX\tex\generic\pgf\basiclayer\pgfcoresha
de.code.tex"
File: pgfcoreshade.code.tex 2008/11/23  (rcs-revision 1.13)
\pgf@max=\dimen273
\pgf@sys@shading@range@num=\count288
)
("E:\Einsteinlin\SJTU\PhD 1st\CTeX\MiKTeX\tex\generic\pgf\basiclayer\pgfcoreima
ge.code.tex"
File: pgfcoreimage.code.tex 2010/03/25  (rcs-revision 1.16)

("E:\Einsteinlin\SJTU\PhD 1st\CTeX\MiKTeX\tex\generic\pgf\basiclayer\pgfcoreext
ernal.code.tex"
File: pgfcoreexternal.code.tex 2010/09/01  (rcs-revision 1.17)
\pgfexternal@startupbox=\box49
))
("E:\Einsteinlin\SJTU\PhD 1st\CTeX\MiKTeX\tex\generic\pgf\basiclayer\pgfcorelay
ers.code.tex"
File: pgfcorelayers.code.tex 2010/08/27  (rcs-revision 1.2)
)
("E:\Einsteinlin\SJTU\PhD 1st\CTeX\MiKTeX\tex\generic\pgf\basiclayer\pgfcoretra
nsparency.code.tex"
File: pgfcoretransparency.code.tex 2008/01/17  (rcs-revision 1.2)
)
("E:\Einsteinlin\SJTU\PhD 1st\CTeX\MiKTeX\tex\generic\pgf\basiclayer\pgfcorepat
terns.code.tex"
File: pgfcorepatterns.code.tex 2009/07/02  (rcs-revision 1.3)
))
:<-
)
("E:\Einsteinlin\SJTU\PhD 1st\CTeX\MiKTeX\tex\generic\pgf\modules\pgfmoduleshap
es.code.tex"
File: pgfmoduleshapes.code.tex 2010/09/09  (rcs-revision 1.13)
\pgfnodeparttextbox=\box50
)
("E:\Einsteinlin\SJTU\PhD 1st\CTeX\MiKTeX\tex\generic\pgf\modules\pgfmoduleplot
.code.tex"
File: pgfmoduleplot.code.tex 2010/10/22  (rcs-revision 1.8)
)
("E:\Einsteinlin\SJTU\PhD 1st\CTeX\MiKTeX\tex\latex\pgf\compatibility\pgfcomp-v
ersion-0-65.sty"
Package: pgfcomp-version-0-65 2007/07/03 v2.10 (rcs-revision 1.7)
\pgf@nodesepstart=\dimen274
\pgf@nodesepend=\dimen275
)
("E:\Einsteinlin\SJTU\PhD 1st\CTeX\MiKTeX\tex\latex\pgf\compatibility\pgfcomp-v
ersion-1-18.sty"
Package: pgfcomp-version-1-18 2007/07/23 v2.10 (rcs-revision 1.1)
))
("E:\Einsteinlin\SJTU\PhD 1st\CTeX\MiKTeX\tex\latex\pgf\utilities\pgffor.sty"
("E:\Einsteinlin\SJTU\PhD 1st\CTeX\MiKTeX\tex\latex\pgf\utilities\pgfkeys.sty"
Package srcltx Info: Expanded filename `pgfkeys.code.tex' to `pgfkeys.code.tex'
 on input line 10.

:<+ pgfkeys.code.tex

("E:\Einsteinlin\SJTU\PhD 1st\CTeX\MiKTeX\tex\generic\pgf\utilities\pgfkeys.cod
e.tex")
:<-
)
Package srcltx Info: Expanded filename `pgffor.code.tex' to `pgffor.code.tex' o
n input line 13.

:<+ pgffor.code.tex

("E:\Einsteinlin\SJTU\PhD 1st\CTeX\MiKTeX\tex\generic\pgf\utilities\pgffor.code
.tex"
Package: pgffor 2010/03/23 v2.10 (rcs-revision 1.18)
\pgffor@iter=\dimen276
\pgffor@skip=\dimen277
\pgffor@stack=\toks38
\pgffor@toks=\toks39
)
:<-
)
Package srcltx Info: Expanded filename `tikz.code.tex' to `tikz.code.tex' on in
put line 13.

:<+ tikz.code.tex

("E:\Einsteinlin\SJTU\PhD 1st\CTeX\MiKTeX\tex\generic\pgf\frontendlayer\tikz\ti
kz.code.tex"
Package: tikz 2010/10/13 v2.10 (rcs-revision 1.76)

("E:\Einsteinlin\SJTU\PhD 1st\CTeX\MiKTeX\tex\generic\pgf\libraries\pgflibraryp
lothandlers.code.tex"
File: pgflibraryplothandlers.code.tex 2010/05/31 v2.10 (rcs-revision 1.15)
\pgf@plot@mark@count=\count289
\pgfplotmarksize=\dimen278
)
\tikz@lastx=\dimen279
\tikz@lasty=\dimen280
\tikz@lastxsaved=\dimen281
\tikz@lastysaved=\dimen282
\tikzleveldistance=\dimen283
\tikzsiblingdistance=\dimen284
\tikz@figbox=\box51
\tikz@tempbox=\box52
\tikztreelevel=\count290
\tikznumberofchildren=\count291
\tikznumberofcurrentchild=\count292
\tikz@fig@count=\count293

("E:\Einsteinlin\SJTU\PhD 1st\CTeX\MiKTeX\tex\generic\pgf\modules\pgfmodulematr
ix.code.tex"
File: pgfmodulematrix.code.tex 2010/08/24  (rcs-revision 1.4)
\pgfmatrixcurrentrow=\count294
\pgfmatrixcurrentcolumn=\count295
\pgf@matrix@numberofcolumns=\count296
)
\tikz@expandcount=\count297

("E:\Einsteinlin\SJTU\PhD 1st\CTeX\MiKTeX\tex\generic\pgf\frontendlayer\tikz\li
braries\tikzlibrarytopaths.code.tex"
File: tikzlibrarytopaths.code.tex 2008/06/17 v2.10 (rcs-revision 1.2)
))
:<-
) ("E:\Einsteinlin\SJTU\PhD 1st\CTeX\MiKTeX\tex\latex\picinpar\picinpar.sty"
Pictures in Paragraphs. Version 1.2a, July 13, 1993
\br=\count298
\bl=\count299
\na=\count300
\nb=\count301
\tcdsav=\count302
\tcl=\count303
\tcd=\count304
\tcn=\count305
\cumtcl=\count306
\cumpartcl=\count307
\lftside=\dimen285
\rtside=\dimen286
\hpic=\dimen287
\vpic=\dimen288
\strutilg=\dimen289
\picwd=\dimen290
\topheight=\dimen291
\ilg=\dimen292
\lpic=\dimen293
\lwindowsep=\dimen294
\rwindowsep=\dimen295
\cumpar=\dimen296
\twa=\toks40
\la=\toks41
\ra=\toks42
\ha=\toks43
\pictoc=\toks44
\rawtext=\box53
\holder=\box54
\windowbox=\box55
\wartext=\box56
\finaltext=\box57
\aslice=\box58
\bslice=\box59
\wbox=\box60
\wstrutbox=\box61
\picbox=\box62
\waslice=\box63
\wbslice=\box64
\fslice=\box65
) ("E:\Einsteinlin\SJTU\PhD 1st\CTeX\MiKTeX\tex\latex\listings\listings.sty"
\lst@mode=\count308
\lst@gtempboxa=\box66
\lst@token=\toks45
\lst@length=\count309
\lst@currlwidth=\dimen297
\lst@column=\count310
\lst@pos=\count311
\lst@lostspace=\dimen298
\lst@width=\dimen299
\lst@newlines=\count312
\lst@lineno=\count313
\lst@maxwidth=\dimen300

("E:\Einsteinlin\SJTU\PhD 1st\CTeX\MiKTeX\tex\latex\listings\lstmisc.sty"
File: lstmisc.sty 2007/02/22 1.4 (Carsten Heinz)
\c@lstnumber=\count314
\lst@skipnumbers=\count315
\lst@framebox=\box67
)
("E:\Einsteinlin\SJTU\PhD 1st\CTeX\MiKTeX\tex\latex\listings\listings.cfg"
File: listings.cfg 2007/02/22 1.4 listings configuration
))
Package: listings 2007/02/22 1.4 (Carsten Heinz)

("E:\Einsteinlin\SJTU\PhD 1st\CTeX\MiKTeX\tex\latex\listings\lstlang1.sty"
File: lstlang1.sty 2004/09/05 1.3 listings language file
)
("C:\Users\EinsteinLin\Desktop\Seminar\20161008-多角形上的Poincare-Friedri
chs不等式及其应用\The Poincare-Friedrichs inequality on polygon and its 
applications.aux")
LaTeX Font Info:    Checking defaults for OML/cmm/m/it on input line 125.
LaTeX Font Info:    ... okay on input line 125.
LaTeX Font Info:    Checking defaults for T1/cmr/m/n on input line 125.
LaTeX Font Info:    ... okay on input line 125.
LaTeX Font Info:    Checking defaults for OT1/cmr/m/n on input line 125.
LaTeX Font Info:    ... okay on input line 125.
LaTeX Font Info:    Checking defaults for OMS/cmsy/m/n on input line 125.
LaTeX Font Info:    ... okay on input line 125.
LaTeX Font Info:    Checking defaults for OMX/cmex/m/n on input line 125.
LaTeX Font Info:    ... okay on input line 125.
LaTeX Font Info:    Checking defaults for U/cmr/m/n on input line 125.
LaTeX Font Info:    ... okay on input line 125.
LaTeX Font Info:    Checking defaults for C00/song/m/n on input line 125.
LaTeX Font Info:    ... okay on input line 125.
LaTeX Font Info:    Checking defaults for C05/song/m/n on input line 125.
LaTeX Font Info:    ... okay on input line 125.
LaTeX Font Info:    Checking defaults for C09/song/m/n on input line 125.
LaTeX Font Info:    ... okay on input line 125.
LaTeX Font Info:    Checking defaults for C10/song/m/n on input line 125.
LaTeX Font Info:    ... okay on input line 125.
LaTeX Font Info:    Checking defaults for C20/song/m/n on input line 125.
LaTeX Font Info:    ... okay on input line 125.
LaTeX Font Info:    Checking defaults for C19/song/m/n on input line 125.
LaTeX Font Info:    ... okay on input line 125.
LaTeX Font Info:    Checking defaults for C40/song/m/n on input line 125.
LaTeX Font Info:    ... okay on input line 125.
LaTeX Font Info:    Checking defaults for C42/song/m/n on input line 125.
LaTeX Font Info:    ... okay on input line 125.
LaTeX Font Info:    Checking defaults for C43/song/m/n on input line 125.
LaTeX Font Info:    ... okay on input line 125.
LaTeX Font Info:    Checking defaults for C50/song/m/n on input line 125.
LaTeX Font Info:    ... okay on input line 125.
LaTeX Font Info:    Checking defaults for C52/song/m/n on input line 125.
LaTeX Font Info:    ... okay on input line 125.
LaTeX Font Info:    Checking defaults for C49/song/m/n on input line 125.
LaTeX Font Info:    ... okay on input line 125.
LaTeX Font Info:    Checking defaults for C60/mj/m/n on input line 125.
LaTeX Font Info:    ... okay on input line 125.
LaTeX Font Info:    Checking defaults for C61/mj/m/n on input line 125.
LaTeX Font Info:    ... okay on input line 125.
LaTeX Font Info:    Checking defaults for C63/mj/m/n on input line 125.
LaTeX Font Info:    ... okay on input line 125.
LaTeX Font Info:    Checking defaults for C64/mj/m/n on input line 125.
LaTeX Font Info:    ... okay on input line 125.
LaTeX Font Info:    Checking defaults for C65/mj/m/n on input line 125.
LaTeX Font Info:    ... okay on input line 125.
LaTeX Font Info:    Checking defaults for C70/song/m/n on input line 125.
LaTeX Font Info:    ... okay on input line 125.
LaTeX Font Info:    Checking defaults for C31/song/m/n on input line 125.
LaTeX Font Info:    ... okay on input line 125.
LaTeX Font Info:    Checking defaults for C32/song/m/n on input line 125.
LaTeX Font Info:    ... okay on input line 125.
LaTeX Font Info:    Checking defaults for C33/song/m/n on input line 125.
LaTeX Font Info:    ... okay on input line 125.
LaTeX Font Info:    Checking defaults for C34/song/m/n on input line 125.
LaTeX Font Info:    ... okay on input line 125.
LaTeX Font Info:    Checking defaults for C35/song/m/n on input line 125.
LaTeX Font Info:    ... okay on input line 125.
LaTeX Font Info:    Checking defaults for C36/song/m/n on input line 125.
LaTeX Font Info:    ... okay on input line 125.
LaTeX Font Info:    Checking defaults for C37/song/m/n on input line 125.
LaTeX Font Info:    ... okay on input line 125.
LaTeX Font Info:    Checking defaults for C80/song/m/n on input line 125.
LaTeX Font Info:    ... okay on input line 125.
LaTeX Font Info:    Checking defaults for C81/song/m/n on input line 125.
LaTeX Font Info:    ... okay on input line 125.
LaTeX Font Info:    Checking defaults for C01/song/m/n on input line 125.
LaTeX Font Info:    ... okay on input line 125.
LaTeX Font Info:    Checking defaults for C11/song/m/n on input line 125.
LaTeX Font Info:    ... okay on input line 125.
LaTeX Font Info:    Checking defaults for C21/song/m/n on input line 125.
LaTeX Font Info:    ... okay on input line 125.
LaTeX Font Info:    Checking defaults for C41/song/m/n on input line 125.
LaTeX Font Info:    ... okay on input line 125.
LaTeX Font Info:    Checking defaults for C62/song/m/n on input line 125.
LaTeX Font Info:    ... okay on input line 125.
LaTeX Font Info:    Checking defaults for TS1/cmr/m/n on input line 125.
LaTeX Font Info:    ... okay on input line 125.
LaTeX Font Info:    Try loading font information for OT1+ptm on input line 125.


("E:\Einsteinlin\SJTU\PhD 1st\CTeX\MiKTeX\tex\latex\psnfss\ot1ptm.fd"
File: ot1ptm.fd 2001/06/04 font definitions for OT1/ptm.
)
Package caption Info: Begin \AtBeginDocument code.
Package caption Info: End \AtBeginDocument code.

ABD: EveryShipout initializing macros
\c@lstlisting=\count316

("E:\Einsteinlin\SJTU\PhD 1st\CTeX\MiKTeX\tex\latex\cjk\standard.bdg"
File: standard.bdg 2008/12/29 4.8.2
)
("E:\Einsteinlin\SJTU\PhD 1st\CTeX\MiKTeX\tex\latex\cjk\extended.enc"
File: extended.enc 2008/12/29 4.8.2
)
("E:\Einsteinlin\SJTU\PhD 1st\CTeX\MiKTeX\tex\latex\cjk\extended.chr"
File: extended.chr 2008/12/29 4.8.2
)
\c@theorem=\count317
\c@remark=\count318
\c@lemma=\count319
\c@assumption=\count320
\c@definition=\count321
\c@axiom=\count322
\c@proposition=\count323
\c@corollary=\count324
\c@condition=\count325
\c@conclusion=\count326
\c@property=\count327
LaTeX Font Info:    Font shape `OT1/ptm/bx/n' in size <20.74> not available
(Font)              Font shape `OT1/ptm/b/n' tried instead on input line 161.
LaTeX Font Info:    Try loading font information for U+msa on input line 161.

("E:\Einsteinlin\SJTU\PhD 1st\CTeX\MiKTeX\tex\latex\amsfonts\umsa.fd"
File: umsa.fd 2009/06/22 v3.00 AMS symbols A
)
LaTeX Font Info:    Try loading font information for U+msb on input line 161.

("E:\Einsteinlin\SJTU\PhD 1st\CTeX\MiKTeX\tex\latex\amsfonts\umsb.fd"
File: umsb.fd 2009/06/22 v3.00 AMS symbols B
)
LaTeX Font Info:    Try loading font information for U+rsfs on input line 161.

("E:\Einsteinlin\SJTU\PhD 1st\CTeX\MiKTeX\tex\latex\jknappen\ursfs.fd"
File: ursfs.fd 1998/03/24 rsfs font definition file (jk)
)
LaTeX Font Info:    Try loading font information for U+stmry on input line 161.


("E:\Einsteinlin\SJTU\PhD 1st\CTeX\MiKTeX\tex\latex\stmaryrd\ustmry.fd")
LaTeX Font Info:    Font shape `OT1/ptm/bx/n' in size <17.28> not available
(Font)              Font shape `OT1/ptm/b/n' tried instead on input line 161.
LaTeX Font Info:    Font shape `OT1/ptm/bx/n' in size <14.4> not available
(Font)              Font shape `OT1/ptm/b/n' tried instead on input line 161.
LaTeX Font Info:    Try loading font information for C19+song on input line 164
.

("E:\Einsteinlin\SJTU\PhD 1st\CTeX\CTeX\tex\latex\CJK\GB\c19song.fd"
File: c19song.fd 2009/09/23 4.8.2
) [1

]
("C:\Users\EinsteinLin\Desktop\Seminar\20161008-多角形上的Poincare-Friedri
chs不等式及其应用\The Poincare-Friedrichs inequality on polygon and its 
applications.toc"
LaTeX Font Info:    Font shape `OT1/ptm/bx/n' in size <12> not available
(Font)              Font shape `OT1/ptm/b/n' tried instead on input line 1.
)
\tf@toc=\write4
 [2]
LaTeX Font Info:    Try loading font information for C19+rm on input line 205.

("E:\Einsteinlin\SJTU\PhD 1st\CTeX\MiKTeX\tex\latex\ctex\fd\c19rm.fd"
File: c19rm.fd 2007/05/06 v0.8a ctex font definition file
)
LaTeX Font Info:    Try loading font information for OMS+ptm on input line 208.


("E:\Einsteinlin\SJTU\PhD 1st\CTeX\MiKTeX\tex\latex\psnfss\omsptm.fd"
File: omsptm.fd 
)
LaTeX Font Info:    Font shape `OMS/ptm/m/n' in size <12> not available
(Font)              Font shape `OMS/cmsy/m/n' tried instead on input line 208.
 [3]
File: StarDomain01.eps Graphic file (type eps)

<StarDomain01.eps>
File: StarDomain02.eps Graphic file (type eps)
 <StarDomain02.eps>
LaTeX Font Info:    Font shape `OT1/ptm/bx/it' in size <12> not available
(Font)              Font shape `OT1/ptm/b/it' tried instead on input line 283.
File: Diamond2.eps Graphic file (type eps)
 <Diamond2.eps> [4]
Overfull \hbox (15.8784pt too wide) in paragraph at lines 330--335
\OT1/ptm/b/n/12 step 1.\C19/song/m/n/12/55 $[]\OML/cmm/m/it/12 h[] \OT1/cmr/m/
n/12 = \OML/cmm/m/it/12 diam\OT1/cmr/m/n/12 (\OML/cmm/m/it/12 K\OT1/cmr/m/n/12 
) = 1$\OT1/ptm/m/n/12 ,\C19/song/m/n/12/43  \C19/song/m/n/12/62 d$\OML/cmm/m/i
t/12 h[] \OMS/cmsy/m/n/12  []$\C19/song/m/n/12/64 $[]\OML/cmm/m/it/12 h[] \OM
S/cmsy/m/n/12  \OT1/cmr/m/n/12 1$\OT1/ptm/m/n/12 .\C19/song/m/n/12/55 $\OML/c
mm/m/it/12 @K$\C19/song/m/n/12/62 d$\OML/cmm/m/it/12 N$\C19/song/bx/n/12/57 ^ \
C19/song/m/n/12/37 >$\OML/cmm/m/it/12 e[]; e[]; []  ; e[]$
 []

[5] [6]
File: PolygonPartition1.eps Graphic file (type eps)
 <PolygonPartition1.eps> [7] [8] [9] [10] [11]
("C:\Users\EinsteinLin\Desktop\Seminar\20161008-多角形上的Poincare-Friedri
chs不等式及其应用\The Poincare-Friedrichs inequality on polygon and its 
applications.aux") ) 
Here is how much of TeX's memory you used:
 20696 strings out of 495355
 363896 string characters out of 3182482
 412759 words of memory out of 3000000
 23287 multiletter control sequences out of 15000+200000
 70847 words of font info for 239 fonts, out of 3000000 for 9000
 14 hyphenation exceptions out of 8191
 57i,13n,57p,903b,707s stack positions out of 5000i,500n,10000p,200000b,50000s

Output written on "The Poincare-Friedrichs inequality on polygon and its applic
ations.dvi" (11 pages, 59684 bytes).
